<?xml version="1.0" encoding="UTF-8"?>
<!-- Generated by org.testng.reporters.JUnitXMLReporter -->
<testsuite hostname="TOSHIBA-PC" ignored="0" name="Test" tests="1" failures="0" timestamp="06 Jun 2019 17:07:22 GMT" time="0.062" errors="0">
  <testcase name="@BeforeClass openApp" time="0.0" classname="libraries.BaseTest">
    <failure type="org.testng.TestNGException" message="
Parameter &amp;apos;browser&amp;apos; is required by BeforeClass on method openApp but has not been marked @Optional or defined
in C:\Users\TOSHIBA\Desktop\selenium_project\Example\testng.xml">
      <![CDATA[org.testng.TestNGException: 
Parameter 'browser' is required by BeforeClass on method openApp but has not been marked @Optional or defined
in C:\Users\TOSHIBA\Desktop\selenium_project\Example\testng.xml
... Removed 23 stack frames]]>
    </failure>
  </testcase> <!-- @BeforeClass openApp -->
  <testcase name="@AfterMethod postCondition" time="0.0" classname="libraries.BaseTest">
    <skipped/>
  </testcase> <!-- @AfterMethod postCondition -->
  <testcase name="@AfterClass closeApp" time="0.0" classname="libraries.BaseTest">
    <skipped/>
  </testcase> <!-- @AfterClass closeApp -->
  <testcase name="application_Login_ST_01" time="0.0" classname="tests.Application_Login_ST_01">
    <skipped/>
  </testcase> <!-- application_Login_ST_01 -->
</testsuite> <!-- Test -->
